"2024-09-10 14:54:37,862 INFO  [main] com.dev02.TimeTrackingApp.TimeTrackingAppApplication:Starting TimeTrackingAppApplication using Java 17.0.11 on Emre-MacBook-Pro.local with PID 39672 (/Users/emresani/IdeaProjects/TimeTrackingApp/target/classes started by emresani in /Users/emresani/IdeaProjects/TimeTrackingApp)
""2024-09-10 14:54:37,868 INFO  [main] com.dev02.TimeTrackingApp.TimeTrackingAppApplication:No active profile set, falling back to 1 default profile: "default"
""2024-09-10 14:54:39,002 INFO  [main] org.springframework.data.repository.config.RepositoryConfigurationDelegate:Bootstrapping Spring Data JPA repositories in DEFAULT mode.
""2024-09-10 14:54:39,098 INFO  [main] org.springframework.data.repository.config.RepositoryConfigurationDelegate:Finished Spring Data repository scanning in 91 ms. Found 4 JPA repository interfaces.
""2024-09-10 14:54:39,825 INFO  [main] org.springframework.boot.web.embedded.tomcat.TomcatWebServer:Tomcat initialized with port(s): 8080 (http)
""2024-09-10 14:54:39,832 INFO  [main] org.apache.catalina.core.StandardService:Starting service [Tomcat]
""2024-09-10 14:54:39,832 INFO  [main] org.apache.catalina.core.StandardEngine:Starting Servlet engine: [Apache Tomcat/9.0.68]
""2024-09-10 14:54:39,928 INFO  [main] org.apache.catalina.core.ContainerBase.[Tomcat].[localhost].[/]:Initializing Spring embedded WebApplicationContext
""2024-09-10 14:54:39,929 INFO  [main] org.springframework.boot.web.servlet.context.ServletWebServerApplicationContext:Root WebApplicationContext: initialization completed in 1982 ms
""2024-09-10 14:54:40,152 INFO  [main] org.hibernate.jpa.internal.util.LogHelper:HHH000204: Processing PersistenceUnitInfo [name: default]
""2024-09-10 14:54:40,184 INFO  [main] org.hibernate.Version:HHH000412: Hibernate ORM core version 5.6.12.Final
""2024-09-10 14:54:40,266 INFO  [main] org.hibernate.annotations.common.Version:HCANN000001: Hibernate Commons Annotations {5.1.2.Final}
""2024-09-10 14:54:40,375 INFO  [main] com.zaxxer.hikari.HikariDataSource:HikariPool-1 - Starting...
""2024-09-10 14:54:40,540 INFO  [main] com.zaxxer.hikari.HikariDataSource:HikariPool-1 - Start completed.
""2024-09-10 14:54:40,551 INFO  [main] org.hibernate.dialect.Dialect:HHH000400: Using dialect: org.hibernate.dialect.PostgreSQL81Dialect
""2024-09-10 14:54:41,267 INFO  [main] org.hibernate.engine.transaction.jta.platform.internal.JtaPlatformInitiator:HHH000490: Using JtaPlatform implementation: [org.hibernate.engine.transaction.jta.platform.internal.NoJtaPlatform]
""2024-09-10 14:54:41,276 INFO  [main] org.springframework.orm.jpa.LocalContainerEntityManagerFactoryBean:Initialized JPA EntityManagerFactory for persistence unit 'default'
""2024-09-10 14:54:41,874 WARN  [main] org.springframework.boot.web.servlet.context.AnnotationConfigServletWebServerApplicationContext:Exception encountered during context initialization - cancelling refresh attempt: org.springframework.beans.factory.BeanCreationException: Error creating bean with name 'timeEntryController' defined in file [/Users/emresani/IdeaProjects/TimeTrackingApp/target/classes/com/dev02/TimeTrackingApp/controller/TimeEntryController.class]: Initialization of bean failed; nested exception is org.springframework.aop.framework.AopConfigException: Could not generate CGLIB subclass of class com.dev02.TimeTrackingApp.controller.TimeEntryController: Common causes of this problem include using a final class or a non-visible class; nested exception is java.lang.IllegalArgumentException: Failed to parse expression 'hasAnyAuthority('ADMIN,'USER')'
""2024-09-10 14:54:41,878 INFO  [main] org.springframework.orm.jpa.LocalContainerEntityManagerFactoryBean:Closing JPA EntityManagerFactory for persistence unit 'default'
""2024-09-10 14:54:41,886 INFO  [main] com.zaxxer.hikari.HikariDataSource:HikariPool-1 - Shutdown initiated...
""2024-09-10 14:54:41,896 INFO  [main] com.zaxxer.hikari.HikariDataSource:HikariPool-1 - Shutdown completed.
""2024-09-10 14:54:41,900 INFO  [main] org.apache.catalina.core.StandardService:Stopping service [Tomcat]
""2024-09-10 14:54:41,924 INFO  [main] org.springframework.boot.autoconfigure.logging.ConditionEvaluationReportLoggingListener:

Error starting ApplicationContext. To display the conditions report re-run your application with 'debug' enabled.
""2024-09-10 14:54:41,952 ERROR [main] org.springframework.boot.SpringApplication:Application run failed
"org.springframework.beans.factory.BeanCreationException: Error creating bean with name 'timeEntryController' defined in file [/Users/emresani/IdeaProjects/TimeTrackingApp/target/classes/com/dev02/TimeTrackingApp/controller/TimeEntryController.class]: Initialization of bean failed; nested exception is org.springframework.aop.framework.AopConfigException: Could not generate CGLIB subclass of class com.dev02.TimeTrackingApp.controller.TimeEntryController: Common causes of this problem include using a final class or a non-visible class; nested exception is java.lang.IllegalArgumentException: Failed to parse expression 'hasAnyAuthority('ADMIN,'USER')'
	at org.springframework.beans.factory.support.AbstractAutowireCapableBeanFactory.doCreateBean(AbstractAutowireCapableBeanFactory.java:628)
	at org.springframework.beans.factory.support.AbstractAutowireCapableBeanFactory.createBean(AbstractAutowireCapableBeanFactory.java:542)
	at org.springframework.beans.factory.support.AbstractBeanFactory.lambda$doGetBean$0(AbstractBeanFactory.java:335)
	at org.springframework.beans.factory.support.DefaultSingletonBeanRegistry.getSingleton(DefaultSingletonBeanRegistry.java:234)
	at org.springframework.beans.factory.support.AbstractBeanFactory.doGetBean(AbstractBeanFactory.java:333)
	at org.springframework.beans.factory.support.AbstractBeanFactory.getBean(AbstractBeanFactory.java:208)
	at org.springframework.beans.factory.support.DefaultListableBeanFactory.preInstantiateSingletons(DefaultListableBeanFactory.java:955)
	at org.springframework.context.support.AbstractApplicationContext.finishBeanFactoryInitialization(AbstractApplicationContext.java:918)
	at org.springframework.context.support.AbstractApplicationContext.refresh(AbstractApplicationContext.java:583)
	at org.springframework.boot.web.servlet.context.ServletWebServerApplicationContext.refresh(ServletWebServerApplicationContext.java:147)
	at org.springframework.boot.SpringApplication.refresh(SpringApplication.java:734)
	at org.springframework.boot.SpringApplication.refreshContext(SpringApplication.java:408)
	at org.springframework.boot.SpringApplication.run(SpringApplication.java:308)
	at org.springframework.boot.SpringApplication.run(SpringApplication.java:1306)
	at org.springframework.boot.SpringApplication.run(SpringApplication.java:1295)
	at com.dev02.TimeTrackingApp.TimeTrackingAppApplication.main(TimeTrackingAppApplication.java:10)
Caused by: org.springframework.aop.framework.AopConfigException: Could not generate CGLIB subclass of class com.dev02.TimeTrackingApp.controller.TimeEntryController: Common causes of this problem include using a final class or a non-visible class; nested exception is java.lang.IllegalArgumentException: Failed to parse expression 'hasAnyAuthority('ADMIN,'USER')'
	at org.springframework.aop.framework.CglibAopProxy.getProxy(CglibAopProxy.java:209)
	at org.springframework.aop.framework.ProxyFactory.getProxy(ProxyFactory.java:110)
	at org.springframework.aop.framework.autoproxy.AbstractAutoProxyCreator.createProxy(AbstractAutoProxyCreator.java:480)
	at org.springframework.aop.framework.autoproxy.AbstractAutoProxyCreator.wrapIfNecessary(AbstractAutoProxyCreator.java:344)
	at org.springframework.aop.framework.autoproxy.AbstractAutoProxyCreator.postProcessAfterInitialization(AbstractAutoProxyCreator.java:293)
	at org.springframework.beans.factory.support.AbstractAutowireCapableBeanFactory.applyBeanPostProcessorsAfterInitialization(AbstractAutowireCapableBeanFactory.java:455)
	at org.springframework.beans.factory.support.AbstractAutowireCapableBeanFactory.initializeBean(AbstractAutowireCapableBeanFactory.java:1808)
	at org.springframework.beans.factory.support.AbstractAutowireCapableBeanFactory.doCreateBean(AbstractAutowireCapableBeanFactory.java:620)
	... 15 common frames omitted
Caused by: java.lang.IllegalArgumentException: Failed to parse expression 'hasAnyAuthority('ADMIN,'USER')'
	at org.springframework.security.access.expression.method.ExpressionBasedAnnotationAttributeFactory.createPreInvocationAttribute(ExpressionBasedAnnotationAttributeFactory.java:59)
	at org.springframework.security.access.prepost.PrePostAnnotationSecurityMetadataSource.getAttributes(PrePostAnnotationSecurityMetadataSource.java:80)
	at org.springframework.security.access.method.DelegatingMethodSecurityMetadataSource.getAttributes(DelegatingMethodSecurityMetadataSource.java:66)
	at org.springframework.security.access.intercept.aopalliance.MethodSecurityMetadataSourceAdvisor$MethodSecurityMetadataSourcePointcut.matches(MethodSecurityMetadataSourceAdvisor.java:127)
	at org.springframework.aop.framework.DefaultAdvisorChainFactory.getInterceptorsAndDynamicInterceptionAdvice(DefaultAdvisorChainFactory.java:76)
	at org.springframework.aop.framework.AdvisedSupport.getInterceptorsAndDynamicInterceptionAdvice(AdvisedSupport.java:470)
	at org.springframework.aop.framework.CglibAopProxy$ProxyCallbackFilter.accept(CglibAopProxy.java:900)
	at org.springframework.cglib.proxy.Enhancer.emitMethods(Enhancer.java:1217)
	at org.springframework.cglib.proxy.Enhancer.generateClass(Enhancer.java:726)
	at org.springframework.cglib.core.DefaultGeneratorStrategy.generate(DefaultGeneratorStrategy.java:25)
	at org.springframework.cglib.core.ClassLoaderAwareGeneratorStrategy.generate(ClassLoaderAwareGeneratorStrategy.java:57)
	at org.springframework.cglib.core.AbstractClassGenerator.generate(AbstractClassGenerator.java:358)
	at org.springframework.cglib.proxy.Enhancer.generate(Enhancer.java:585)
	at org.springframework.cglib.core.AbstractClassGenerator$ClassLoaderData$3.apply(AbstractClassGenerator.java:110)
	at org.springframework.cglib.core.AbstractClassGenerator$ClassLoaderData$3.apply(AbstractClassGenerator.java:108)
	at org.springframework.cglib.core.internal.LoadingCache$2.call(LoadingCache.java:54)
	at java.base/java.util.concurrent.FutureTask.run(FutureTask.java:264)
	at org.springframework.cglib.core.internal.LoadingCache.createEntry(LoadingCache.java:61)
	at org.springframework.cglib.core.internal.LoadingCache.get(LoadingCache.java:34)
	at org.springframework.cglib.core.AbstractClassGenerator$ClassLoaderData.get(AbstractClassGenerator.java:134)
	at org.springframework.cglib.core.AbstractClassGenerator.create(AbstractClassGenerator.java:319)
	at org.springframework.cglib.proxy.Enhancer.createHelper(Enhancer.java:572)
	at org.springframework.cglib.proxy.Enhancer.createClass(Enhancer.java:419)
	at org.springframework.aop.framework.ObjenesisCglibAopProxy.createProxyClassAndInstance(ObjenesisCglibAopProxy.java:57)
	at org.springframework.aop.framework.CglibAopProxy.getProxy(CglibAopProxy.java:206)
	... 22 common frames omitted
Caused by: org.springframework.expression.spel.SpelParseException: Expression [hasAnyAuthority('ADMIN,'USER')] @28: EL1046E: Cannot find terminating ' for string
	at org.springframework.expression.spel.standard.Tokenizer.raiseParseException(Tokenizer.java:588)
	at org.springframework.expression.spel.standard.Tokenizer.lexQuotedStringLiteral(Tokenizer.java:293)
	at org.springframework.expression.spel.standard.Tokenizer.process(Tokenizer.java:255)
	at org.springframework.expression.spel.standard.InternalSpelExpressionParser.doParseExpression(InternalSpelExpressionParser.java:127)
	at org.springframework.expression.spel.standard.SpelExpressionParser.doParseExpression(SpelExpressionParser.java:61)
	at org.springframework.expression.spel.standard.SpelExpressionParser.doParseExpression(SpelExpressionParser.java:33)
	at org.springframework.expression.common.TemplateAwareExpressionParser.parseExpression(TemplateAwareExpressionParser.java:52)
	at org.springframework.expression.common.TemplateAwareExpressionParser.parseExpression(TemplateAwareExpressionParser.java:43)
	at org.springframework.security.access.expression.method.ExpressionBasedAnnotationAttributeFactory.createPreInvocationAttribute(ExpressionBasedAnnotationAttributeFactory.java:53)
	... 46 common frames omitted
"2024-09-10 14:56:08,522 INFO  [main] com.dev02.TimeTrackingApp.TimeTrackingAppApplication:Starting TimeTrackingAppApplication using Java 17.0.11 on Emre-MacBook-Pro.local with PID 39728 (/Users/emresani/IdeaProjects/TimeTrackingApp/target/classes started by emresani in /Users/emresani/IdeaProjects/TimeTrackingApp)
""2024-09-10 14:56:08,525 INFO  [main] com.dev02.TimeTrackingApp.TimeTrackingAppApplication:No active profile set, falling back to 1 default profile: "default"
""2024-09-10 14:56:09,636 INFO  [main] org.springframework.data.repository.config.RepositoryConfigurationDelegate:Bootstrapping Spring Data JPA repositories in DEFAULT mode.
""2024-09-10 14:56:09,736 INFO  [main] org.springframework.data.repository.config.RepositoryConfigurationDelegate:Finished Spring Data repository scanning in 94 ms. Found 4 JPA repository interfaces.
""2024-09-10 14:56:10,482 INFO  [main] org.springframework.boot.web.embedded.tomcat.TomcatWebServer:Tomcat initialized with port(s): 8080 (http)
""2024-09-10 14:56:10,489 INFO  [main] org.apache.catalina.core.StandardService:Starting service [Tomcat]
""2024-09-10 14:56:10,489 INFO  [main] org.apache.catalina.core.StandardEngine:Starting Servlet engine: [Apache Tomcat/9.0.68]
""2024-09-10 14:56:10,609 INFO  [main] org.apache.catalina.core.ContainerBase.[Tomcat].[localhost].[/]:Initializing Spring embedded WebApplicationContext
""2024-09-10 14:56:10,610 INFO  [main] org.springframework.boot.web.servlet.context.ServletWebServerApplicationContext:Root WebApplicationContext: initialization completed in 1996 ms
""2024-09-10 14:56:10,810 INFO  [main] org.hibernate.jpa.internal.util.LogHelper:HHH000204: Processing PersistenceUnitInfo [name: default]
""2024-09-10 14:56:10,833 INFO  [main] org.hibernate.Version:HHH000412: Hibernate ORM core version 5.6.12.Final
""2024-09-10 14:56:10,911 INFO  [main] org.hibernate.annotations.common.Version:HCANN000001: Hibernate Commons Annotations {5.1.2.Final}
""2024-09-10 14:56:11,010 INFO  [main] com.zaxxer.hikari.HikariDataSource:HikariPool-1 - Starting...
""2024-09-10 14:56:11,160 INFO  [main] com.zaxxer.hikari.HikariDataSource:HikariPool-1 - Start completed.
""2024-09-10 14:56:11,171 INFO  [main] org.hibernate.dialect.Dialect:HHH000400: Using dialect: org.hibernate.dialect.PostgreSQL81Dialect
""2024-09-10 14:56:11,756 INFO  [main] org.hibernate.engine.transaction.jta.platform.internal.JtaPlatformInitiator:HHH000490: Using JtaPlatform implementation: [org.hibernate.engine.transaction.jta.platform.internal.NoJtaPlatform]
""2024-09-10 14:56:11,763 INFO  [main] org.springframework.orm.jpa.LocalContainerEntityManagerFactoryBean:Initialized JPA EntityManagerFactory for persistence unit 'default'
""2024-09-10 14:56:12,362 WARN  [main] org.springframework.boot.web.servlet.context.AnnotationConfigServletWebServerApplicationContext:Exception encountered during context initialization - cancelling refresh attempt: org.springframework.beans.factory.BeanCreationException: Error creating bean with name 'timeEntryController' defined in file [/Users/emresani/IdeaProjects/TimeTrackingApp/target/classes/com/dev02/TimeTrackingApp/controller/TimeEntryController.class]: Initialization of bean failed; nested exception is java.lang.IllegalArgumentException: Failed to parse expression 'hasAnyAuthority('ADMIN,'USER')'
""2024-09-10 14:56:12,363 INFO  [main] org.springframework.orm.jpa.LocalContainerEntityManagerFactoryBean:Closing JPA EntityManagerFactory for persistence unit 'default'
""2024-09-10 14:56:12,368 INFO  [main] com.zaxxer.hikari.HikariDataSource:HikariPool-1 - Shutdown initiated...
""2024-09-10 14:56:12,376 INFO  [main] com.zaxxer.hikari.HikariDataSource:HikariPool-1 - Shutdown completed.
""2024-09-10 14:56:12,380 INFO  [main] org.apache.catalina.core.StandardService:Stopping service [Tomcat]
""2024-09-10 14:56:12,408 INFO  [main] org.springframework.boot.autoconfigure.logging.ConditionEvaluationReportLoggingListener:

Error starting ApplicationContext. To display the conditions report re-run your application with 'debug' enabled.
""2024-09-10 14:56:12,444 ERROR [main] org.springframework.boot.SpringApplication:Application run failed
"org.springframework.beans.factory.BeanCreationException: Error creating bean with name 'timeEntryController' defined in file [/Users/emresani/IdeaProjects/TimeTrackingApp/target/classes/com/dev02/TimeTrackingApp/controller/TimeEntryController.class]: Initialization of bean failed; nested exception is java.lang.IllegalArgumentException: Failed to parse expression 'hasAnyAuthority('ADMIN,'USER')'
	at org.springframework.beans.factory.support.AbstractAutowireCapableBeanFactory.doCreateBean(AbstractAutowireCapableBeanFactory.java:628)
	at org.springframework.beans.factory.support.AbstractAutowireCapableBeanFactory.createBean(AbstractAutowireCapableBeanFactory.java:542)
	at org.springframework.beans.factory.support.AbstractBeanFactory.lambda$doGetBean$0(AbstractBeanFactory.java:335)
	at org.springframework.beans.factory.support.DefaultSingletonBeanRegistry.getSingleton(DefaultSingletonBeanRegistry.java:234)
	at org.springframework.beans.factory.support.AbstractBeanFactory.doGetBean(AbstractBeanFactory.java:333)
	at org.springframework.beans.factory.support.AbstractBeanFactory.getBean(AbstractBeanFactory.java:208)
	at org.springframework.beans.factory.support.DefaultListableBeanFactory.preInstantiateSingletons(DefaultListableBeanFactory.java:955)
	at org.springframework.context.support.AbstractApplicationContext.finishBeanFactoryInitialization(AbstractApplicationContext.java:918)
	at org.springframework.context.support.AbstractApplicationContext.refresh(AbstractApplicationContext.java:583)
	at org.springframework.boot.web.servlet.context.ServletWebServerApplicationContext.refresh(ServletWebServerApplicationContext.java:147)
	at org.springframework.boot.SpringApplication.refresh(SpringApplication.java:734)
	at org.springframework.boot.SpringApplication.refreshContext(SpringApplication.java:408)
	at org.springframework.boot.SpringApplication.run(SpringApplication.java:308)
	at org.springframework.boot.SpringApplication.run(SpringApplication.java:1306)
	at org.springframework.boot.SpringApplication.run(SpringApplication.java:1295)
	at com.dev02.TimeTrackingApp.TimeTrackingAppApplication.main(TimeTrackingAppApplication.java:10)
Caused by: java.lang.IllegalArgumentException: Failed to parse expression 'hasAnyAuthority('ADMIN,'USER')'
	at org.springframework.security.access.expression.method.ExpressionBasedAnnotationAttributeFactory.createPreInvocationAttribute(ExpressionBasedAnnotationAttributeFactory.java:59)
	at org.springframework.security.access.prepost.PrePostAnnotationSecurityMetadataSource.getAttributes(PrePostAnnotationSecurityMetadataSource.java:80)
	at org.springframework.security.access.method.DelegatingMethodSecurityMetadataSource.getAttributes(DelegatingMethodSecurityMetadataSource.java:66)
	at org.springframework.security.access.intercept.aopalliance.MethodSecurityMetadataSourceAdvisor$MethodSecurityMetadataSourcePointcut.matches(MethodSecurityMetadataSourceAdvisor.java:127)
	at org.springframework.aop.support.AopUtils.canApply(AopUtils.java:252)
	at org.springframework.aop.support.AopUtils.canApply(AopUtils.java:289)
	at org.springframework.aop.support.AopUtils.findAdvisorsThatCanApply(AopUtils.java:321)
	at org.springframework.aop.framework.autoproxy.AbstractAdvisorAutoProxyCreator.findAdvisorsThatCanApply(AbstractAdvisorAutoProxyCreator.java:128)
	at org.springframework.aop.framework.autoproxy.AbstractAdvisorAutoProxyCreator.findEligibleAdvisors(AbstractAdvisorAutoProxyCreator.java:97)
	at org.springframework.aop.framework.autoproxy.AbstractAdvisorAutoProxyCreator.getAdvicesAndAdvisorsForBean(AbstractAdvisorAutoProxyCreator.java:78)
	at org.springframework.aop.framework.autoproxy.AbstractAutoProxyCreator.wrapIfNecessary(AbstractAutoProxyCreator.java:341)
	at org.springframework.aop.framework.autoproxy.AbstractAutoProxyCreator.postProcessAfterInitialization(AbstractAutoProxyCreator.java:293)
	at org.springframework.beans.factory.support.AbstractAutowireCapableBeanFactory.applyBeanPostProcessorsAfterInitialization(AbstractAutowireCapableBeanFactory.java:455)
	at org.springframework.beans.factory.support.AbstractAutowireCapableBeanFactory.initializeBean(AbstractAutowireCapableBeanFactory.java:1808)
	at org.springframework.beans.factory.support.AbstractAutowireCapableBeanFactory.doCreateBean(AbstractAutowireCapableBeanFactory.java:620)
	... 15 common frames omitted
Caused by: org.springframework.expression.spel.SpelParseException: Expression [hasAnyAuthority('ADMIN,'USER')] @28: EL1046E: Cannot find terminating ' for string
	at org.springframework.expression.spel.standard.Tokenizer.raiseParseException(Tokenizer.java:588)
	at org.springframework.expression.spel.standard.Tokenizer.lexQuotedStringLiteral(Tokenizer.java:293)
	at org.springframework.expression.spel.standard.Tokenizer.process(Tokenizer.java:255)
	at org.springframework.expression.spel.standard.InternalSpelExpressionParser.doParseExpression(InternalSpelExpressionParser.java:127)
	at org.springframework.expression.spel.standard.SpelExpressionParser.doParseExpression(SpelExpressionParser.java:61)
	at org.springframework.expression.spel.standard.SpelExpressionParser.doParseExpression(SpelExpressionParser.java:33)
	at org.springframework.expression.common.TemplateAwareExpressionParser.parseExpression(TemplateAwareExpressionParser.java:52)
	at org.springframework.expression.common.TemplateAwareExpressionParser.parseExpression(TemplateAwareExpressionParser.java:43)
	at org.springframework.security.access.expression.method.ExpressionBasedAnnotationAttributeFactory.createPreInvocationAttribute(ExpressionBasedAnnotationAttributeFactory.java:53)
	... 29 common frames omitted
"2024-09-10 14:59:59,892 INFO  [main] com.dev02.TimeTrackingApp.TimeTrackingAppApplication:Starting TimeTrackingAppApplication using Java 17.0.11 on Emre-MacBook-Pro.local with PID 39835 (/Users/emresani/IdeaProjects/TimeTrackingApp/target/classes started by emresani in /Users/emresani/IdeaProjects/TimeTrackingApp)
""2024-09-10 14:59:59,894 INFO  [main] com.dev02.TimeTrackingApp.TimeTrackingAppApplication:No active profile set, falling back to 1 default profile: "default"
""2024-09-10 15:00:01,170 INFO  [main] org.springframework.data.repository.config.RepositoryConfigurationDelegate:Bootstrapping Spring Data JPA repositories in DEFAULT mode.
""2024-09-10 15:00:01,271 INFO  [main] org.springframework.data.repository.config.RepositoryConfigurationDelegate:Finished Spring Data repository scanning in 91 ms. Found 4 JPA repository interfaces.
""2024-09-10 15:00:02,103 INFO  [main] org.springframework.boot.web.embedded.tomcat.TomcatWebServer:Tomcat initialized with port(s): 8080 (http)
""2024-09-10 15:00:02,111 INFO  [main] org.apache.catalina.core.StandardService:Starting service [Tomcat]
""2024-09-10 15:00:02,111 INFO  [main] org.apache.catalina.core.StandardEngine:Starting Servlet engine: [Apache Tomcat/9.0.68]
""2024-09-10 15:00:02,240 INFO  [main] org.apache.catalina.core.ContainerBase.[Tomcat].[localhost].[/]:Initializing Spring embedded WebApplicationContext
""2024-09-10 15:00:02,241 INFO  [main] org.springframework.boot.web.servlet.context.ServletWebServerApplicationContext:Root WebApplicationContext: initialization completed in 2260 ms
""2024-09-10 15:00:02,462 INFO  [main] org.hibernate.jpa.internal.util.LogHelper:HHH000204: Processing PersistenceUnitInfo [name: default]
""2024-09-10 15:00:02,493 INFO  [main] org.hibernate.Version:HHH000412: Hibernate ORM core version 5.6.12.Final
""2024-09-10 15:00:02,586 INFO  [main] org.hibernate.annotations.common.Version:HCANN000001: Hibernate Commons Annotations {5.1.2.Final}
""2024-09-10 15:00:02,699 INFO  [main] com.zaxxer.hikari.HikariDataSource:HikariPool-1 - Starting...
""2024-09-10 15:00:02,871 INFO  [main] com.zaxxer.hikari.HikariDataSource:HikariPool-1 - Start completed.
""2024-09-10 15:00:02,883 INFO  [main] org.hibernate.dialect.Dialect:HHH000400: Using dialect: org.hibernate.dialect.PostgreSQL81Dialect
""2024-09-10 15:00:03,627 INFO  [main] org.hibernate.engine.transaction.jta.platform.internal.JtaPlatformInitiator:HHH000490: Using JtaPlatform implementation: [org.hibernate.engine.transaction.jta.platform.internal.NoJtaPlatform]
""2024-09-10 15:00:03,638 INFO  [main] org.springframework.orm.jpa.LocalContainerEntityManagerFactoryBean:Initialized JPA EntityManagerFactory for persistence unit 'default'
""2024-09-10 15:00:05,664 INFO  [main] org.springframework.security.web.DefaultSecurityFilterChain:Will secure any request with [org.springframework.security.web.session.DisableEncodeUrlFilter@16b2d182, org.springframework.security.web.context.request.async.WebAsyncManagerIntegrationFilter@79f3f34c, org.springframework.security.web.context.SecurityContextPersistenceFilter@2213854b, org.springframework.security.web.header.HeaderWriterFilter@70f76276, org.springframework.web.filter.CorsFilter@50841932, org.springframework.security.web.authentication.logout.LogoutFilter@39a2e77d, com.dev02.TimeTrackingApp.security.jwt.AuthTokenFilter@20518250, org.springframework.security.web.savedrequest.RequestCacheAwareFilter@33bd9ac3, org.springframework.security.web.servletapi.SecurityContextHolderAwareRequestFilter@7c857e8f, org.springframework.security.web.authentication.AnonymousAuthenticationFilter@68fa8ea5, org.springframework.security.web.session.SessionManagementFilter@3db5195, org.springframework.security.web.access.ExceptionTranslationFilter@43094e0c, org.springframework.security.web.access.intercept.FilterSecurityInterceptor@1e5e2e06]
""2024-09-10 15:00:06,110 INFO  [main] org.springframework.boot.web.embedded.tomcat.TomcatWebServer:Tomcat started on port(s): 8080 (http) with context path ''
""2024-09-10 15:00:06,125 INFO  [main] com.dev02.TimeTrackingApp.TimeTrackingAppApplication:Started TimeTrackingAppApplication in 6.882 seconds (JVM running for 7.392)
""2024-09-10 15:01:24,227 INFO  [SpringApplicationShutdownHook] org.springframework.orm.jpa.LocalContainerEntityManagerFactoryBean:Closing JPA EntityManagerFactory for persistence unit 'default'
""2024-09-10 15:01:24,230 INFO  [SpringApplicationShutdownHook] com.zaxxer.hikari.HikariDataSource:HikariPool-1 - Shutdown initiated...
""2024-09-10 15:01:24,234 INFO  [SpringApplicationShutdownHook] com.zaxxer.hikari.HikariDataSource:HikariPool-1 - Shutdown completed.
""2024-09-10 15:01:27,665 INFO  [main] com.dev02.TimeTrackingApp.TimeTrackingAppApplication:Starting TimeTrackingAppApplication using Java 17.0.11 on Emre-MacBook-Pro.local with PID 39881 (/Users/emresani/IdeaProjects/TimeTrackingApp/target/classes started by emresani in /Users/emresani/IdeaProjects/TimeTrackingApp)
""2024-09-10 15:01:27,668 INFO  [main] com.dev02.TimeTrackingApp.TimeTrackingAppApplication:No active profile set, falling back to 1 default profile: "default"
""2024-09-10 15:01:28,784 INFO  [main] org.springframework.data.repository.config.RepositoryConfigurationDelegate:Bootstrapping Spring Data JPA repositories in DEFAULT mode.
""2024-09-10 15:01:28,870 INFO  [main] org.springframework.data.repository.config.RepositoryConfigurationDelegate:Finished Spring Data repository scanning in 80 ms. Found 4 JPA repository interfaces.
""2024-09-10 15:01:29,612 INFO  [main] org.springframework.boot.web.embedded.tomcat.TomcatWebServer:Tomcat initialized with port(s): 8080 (http)
""2024-09-10 15:01:29,620 INFO  [main] org.apache.catalina.core.StandardService:Starting service [Tomcat]
""2024-09-10 15:01:29,620 INFO  [main] org.apache.catalina.core.StandardEngine:Starting Servlet engine: [Apache Tomcat/9.0.68]
""2024-09-10 15:01:29,738 INFO  [main] org.apache.catalina.core.ContainerBase.[Tomcat].[localhost].[/]:Initializing Spring embedded WebApplicationContext
""2024-09-10 15:01:29,738 INFO  [main] org.springframework.boot.web.servlet.context.ServletWebServerApplicationContext:Root WebApplicationContext: initialization completed in 1979 ms
""2024-09-10 15:01:29,942 INFO  [main] org.hibernate.jpa.internal.util.LogHelper:HHH000204: Processing PersistenceUnitInfo [name: default]
""2024-09-10 15:01:29,968 INFO  [main] org.hibernate.Version:HHH000412: Hibernate ORM core version 5.6.12.Final
""2024-09-10 15:01:30,038 INFO  [main] org.hibernate.annotations.common.Version:HCANN000001: Hibernate Commons Annotations {5.1.2.Final}
""2024-09-10 15:01:30,146 INFO  [main] com.zaxxer.hikari.HikariDataSource:HikariPool-1 - Starting...
""2024-09-10 15:01:30,293 INFO  [main] com.zaxxer.hikari.HikariDataSource:HikariPool-1 - Start completed.
""2024-09-10 15:01:30,303 INFO  [main] org.hibernate.dialect.Dialect:HHH000400: Using dialect: org.hibernate.dialect.PostgreSQL81Dialect
""2024-09-10 15:01:30,913 INFO  [main] org.hibernate.engine.transaction.jta.platform.internal.JtaPlatformInitiator:HHH000490: Using JtaPlatform implementation: [org.hibernate.engine.transaction.jta.platform.internal.NoJtaPlatform]
""2024-09-10 15:01:30,918 INFO  [main] org.springframework.orm.jpa.LocalContainerEntityManagerFactoryBean:Initialized JPA EntityManagerFactory for persistence unit 'default'
""2024-09-10 15:01:32,995 INFO  [main] org.springframework.security.web.DefaultSecurityFilterChain:Will secure any request with [org.springframework.security.web.session.DisableEncodeUrlFilter@68c47cf9, org.springframework.security.web.context.request.async.WebAsyncManagerIntegrationFilter@ecb8b3e, org.springframework.security.web.context.SecurityContextPersistenceFilter@58647985, org.springframework.security.web.header.HeaderWriterFilter@68303c3e, org.springframework.web.filter.CorsFilter@7e764e5c, org.springframework.security.web.authentication.logout.LogoutFilter@3a66d97e, com.dev02.TimeTrackingApp.security.jwt.AuthTokenFilter@64887fbc, org.springframework.security.web.savedrequest.RequestCacheAwareFilter@69e8b711, org.springframework.security.web.servletapi.SecurityContextHolderAwareRequestFilter@764a3867, org.springframework.security.web.authentication.AnonymousAuthenticationFilter@42457891, org.springframework.security.web.session.SessionManagementFilter@42028589, org.springframework.security.web.access.ExceptionTranslationFilter@4d93e5bf, org.springframework.security.web.access.intercept.FilterSecurityInterceptor@79f3f34c]
""2024-09-10 15:01:33,366 INFO  [main] org.springframework.boot.web.embedded.tomcat.TomcatWebServer:Tomcat started on port(s): 8080 (http) with context path ''
""2024-09-10 15:01:33,380 INFO  [main] com.dev02.TimeTrackingApp.TimeTrackingAppApplication:Started TimeTrackingAppApplication in 6.266 seconds (JVM running for 6.731)
""2024-09-10 15:06:40,981 INFO  [http-nio-8080-exec-1] org.apache.catalina.core.ContainerBase.[Tomcat].[localhost].[/]:Initializing Spring DispatcherServlet 'dispatcherServlet'
""2024-09-10 15:11:03,576 INFO  [SpringApplicationShutdownHook] org.springframework.orm.jpa.LocalContainerEntityManagerFactoryBean:Closing JPA EntityManagerFactory for persistence unit 'default'
""2024-09-10 15:11:03,579 INFO  [SpringApplicationShutdownHook] com.zaxxer.hikari.HikariDataSource:HikariPool-1 - Shutdown initiated...
""2024-09-10 15:11:03,582 INFO  [SpringApplicationShutdownHook] com.zaxxer.hikari.HikariDataSource:HikariPool-1 - Shutdown completed.
""2024-09-10 15:11:06,805 INFO  [main] com.dev02.TimeTrackingApp.TimeTrackingAppApplication:Starting TimeTrackingAppApplication using Java 17.0.11 on Emre-MacBook-Pro.local with PID 40145 (/Users/emresani/IdeaProjects/TimeTrackingApp/target/classes started by emresani in /Users/emresani/IdeaProjects/TimeTrackingApp)
""2024-09-10 15:11:06,809 INFO  [main] com.dev02.TimeTrackingApp.TimeTrackingAppApplication:No active profile set, falling back to 1 default profile: "default"
""2024-09-10 15:11:07,997 INFO  [main] org.springframework.data.repository.config.RepositoryConfigurationDelegate:Bootstrapping Spring Data JPA repositories in DEFAULT mode.
""2024-09-10 15:11:08,084 INFO  [main] org.springframework.data.repository.config.RepositoryConfigurationDelegate:Finished Spring Data repository scanning in 81 ms. Found 4 JPA repository interfaces.
""2024-09-10 15:11:08,797 INFO  [main] org.springframework.boot.web.embedded.tomcat.TomcatWebServer:Tomcat initialized with port(s): 8080 (http)
""2024-09-10 15:11:08,804 INFO  [main] org.apache.catalina.core.StandardService:Starting service [Tomcat]
""2024-09-10 15:11:08,804 INFO  [main] org.apache.catalina.core.StandardEngine:Starting Servlet engine: [Apache Tomcat/9.0.68]
""2024-09-10 15:11:08,929 INFO  [main] org.apache.catalina.core.ContainerBase.[Tomcat].[localhost].[/]:Initializing Spring embedded WebApplicationContext
""2024-09-10 15:11:08,929 INFO  [main] org.springframework.boot.web.servlet.context.ServletWebServerApplicationContext:Root WebApplicationContext: initialization completed in 2031 ms
""2024-09-10 15:11:09,134 INFO  [main] org.hibernate.jpa.internal.util.LogHelper:HHH000204: Processing PersistenceUnitInfo [name: default]
""2024-09-10 15:11:09,160 INFO  [main] org.hibernate.Version:HHH000412: Hibernate ORM core version 5.6.12.Final
""2024-09-10 15:11:09,235 INFO  [main] org.hibernate.annotations.common.Version:HCANN000001: Hibernate Commons Annotations {5.1.2.Final}
""2024-09-10 15:11:09,341 INFO  [main] com.zaxxer.hikari.HikariDataSource:HikariPool-1 - Starting...
""2024-09-10 15:11:09,472 INFO  [main] com.zaxxer.hikari.HikariDataSource:HikariPool-1 - Start completed.
""2024-09-10 15:11:09,483 INFO  [main] org.hibernate.dialect.Dialect:HHH000400: Using dialect: org.hibernate.dialect.PostgreSQL81Dialect
""2024-09-10 15:11:10,081 INFO  [main] org.hibernate.engine.transaction.jta.platform.internal.JtaPlatformInitiator:HHH000490: Using JtaPlatform implementation: [org.hibernate.engine.transaction.jta.platform.internal.NoJtaPlatform]
""2024-09-10 15:11:10,086 INFO  [main] org.springframework.orm.jpa.LocalContainerEntityManagerFactoryBean:Initialized JPA EntityManagerFactory for persistence unit 'default'
""2024-09-10 15:11:12,125 INFO  [main] org.springframework.security.web.DefaultSecurityFilterChain:Will secure any request with [org.springframework.security.web.session.DisableEncodeUrlFilter@7f57a7a4, org.springframework.security.web.context.request.async.WebAsyncManagerIntegrationFilter@6dcc7696, org.springframework.security.web.context.SecurityContextPersistenceFilter@dddcd91, org.springframework.security.web.header.HeaderWriterFilter@764a3867, org.springframework.web.filter.CorsFilter@45ac973, org.springframework.security.web.authentication.logout.LogoutFilter@75db328e, com.dev02.TimeTrackingApp.security.jwt.AuthTokenFilter@4c9d833, org.springframework.security.web.savedrequest.RequestCacheAwareFilter@79e9c14, org.springframework.security.web.servletapi.SecurityContextHolderAwareRequestFilter@340c7479, org.springframework.security.web.authentication.AnonymousAuthenticationFilter@28b7646, org.springframework.security.web.session.SessionManagementFilter@e344f14, org.springframework.security.web.access.ExceptionTranslationFilter@e1c91cd, org.springframework.security.web.access.intercept.FilterSecurityInterceptor@3bf52f8f]
""2024-09-10 15:11:12,498 INFO  [main] org.springframework.boot.web.embedded.tomcat.TomcatWebServer:Tomcat started on port(s): 8080 (http) with context path ''
""2024-09-10 15:11:12,521 INFO  [main] com.dev02.TimeTrackingApp.TimeTrackingAppApplication:Started TimeTrackingAppApplication in 6.257 seconds (JVM running for 6.722)
""2024-09-10 15:12:29,313 INFO  [http-nio-8080-exec-2] org.apache.catalina.core.ContainerBase.[Tomcat].[localhost].[/]:Initializing Spring DispatcherServlet 'dispatcherServlet'
""2024-09-10 15:15:28,420 INFO  [SpringApplicationShutdownHook] org.springframework.orm.jpa.LocalContainerEntityManagerFactoryBean:Closing JPA EntityManagerFactory for persistence unit 'default'
""2024-09-10 15:15:28,425 INFO  [SpringApplicationShutdownHook] com.zaxxer.hikari.HikariDataSource:HikariPool-1 - Shutdown initiated...
""2024-09-10 15:15:28,429 INFO  [SpringApplicationShutdownHook] com.zaxxer.hikari.HikariDataSource:HikariPool-1 - Shutdown completed.
""2024-09-10 15:15:31,808 INFO  [main] com.dev02.TimeTrackingApp.TimeTrackingAppApplication:Starting TimeTrackingAppApplication using Java 17.0.11 on Emre-MacBook-Pro.local with PID 40312 (/Users/emresani/IdeaProjects/TimeTrackingApp/target/classes started by emresani in /Users/emresani/IdeaProjects/TimeTrackingApp)
""2024-09-10 15:15:31,812 INFO  [main] com.dev02.TimeTrackingApp.TimeTrackingAppApplication:No active profile set, falling back to 1 default profile: "default"
""2024-09-10 15:15:32,987 INFO  [main] org.springframework.data.repository.config.RepositoryConfigurationDelegate:Bootstrapping Spring Data JPA repositories in DEFAULT mode.
""2024-09-10 15:15:33,097 INFO  [main] org.springframework.data.repository.config.RepositoryConfigurationDelegate:Finished Spring Data repository scanning in 103 ms. Found 4 JPA repository interfaces.
""2024-09-10 15:15:33,909 INFO  [main] org.springframework.boot.web.embedded.tomcat.TomcatWebServer:Tomcat initialized with port(s): 8080 (http)
""2024-09-10 15:15:33,916 INFO  [main] org.apache.catalina.core.StandardService:Starting service [Tomcat]
""2024-09-10 15:15:33,916 INFO  [main] org.apache.catalina.core.StandardEngine:Starting Servlet engine: [Apache Tomcat/9.0.68]
""2024-09-10 15:15:34,032 INFO  [main] org.apache.catalina.core.ContainerBase.[Tomcat].[localhost].[/]:Initializing Spring embedded WebApplicationContext
""2024-09-10 15:15:34,033 INFO  [main] org.springframework.boot.web.servlet.context.ServletWebServerApplicationContext:Root WebApplicationContext: initialization completed in 2124 ms
""2024-09-10 15:15:34,235 INFO  [main] org.hibernate.jpa.internal.util.LogHelper:HHH000204: Processing PersistenceUnitInfo [name: default]
""2024-09-10 15:15:34,261 INFO  [main] org.hibernate.Version:HHH000412: Hibernate ORM core version 5.6.12.Final
""2024-09-10 15:15:34,336 INFO  [main] org.hibernate.annotations.common.Version:HCANN000001: Hibernate Commons Annotations {5.1.2.Final}
""2024-09-10 15:15:34,448 INFO  [main] com.zaxxer.hikari.HikariDataSource:HikariPool-1 - Starting...
""2024-09-10 15:15:34,592 INFO  [main] com.zaxxer.hikari.HikariDataSource:HikariPool-1 - Start completed.
""2024-09-10 15:15:34,603 INFO  [main] org.hibernate.dialect.Dialect:HHH000400: Using dialect: org.hibernate.dialect.PostgreSQL81Dialect
""2024-09-10 15:15:35,226 INFO  [main] org.hibernate.engine.transaction.jta.platform.internal.JtaPlatformInitiator:HHH000490: Using JtaPlatform implementation: [org.hibernate.engine.transaction.jta.platform.internal.NoJtaPlatform]
""2024-09-10 15:15:35,234 INFO  [main] org.springframework.orm.jpa.LocalContainerEntityManagerFactoryBean:Initialized JPA EntityManagerFactory for persistence unit 'default'
""2024-09-10 15:15:37,303 INFO  [main] org.springframework.security.web.DefaultSecurityFilterChain:Will secure any request with [org.springframework.security.web.session.DisableEncodeUrlFilter@56887c8f, org.springframework.security.web.context.request.async.WebAsyncManagerIntegrationFilter@3b1895e, org.springframework.security.web.context.SecurityContextPersistenceFilter@8ce4320, org.springframework.security.web.header.HeaderWriterFilter@7d75940, org.springframework.web.filter.CorsFilter@3083e6ef, org.springframework.security.web.authentication.logout.LogoutFilter@2979c6ef, com.dev02.TimeTrackingApp.security.jwt.AuthTokenFilter@7b2f8152, org.springframework.security.web.savedrequest.RequestCacheAwareFilter@3c538e62, org.springframework.security.web.servletapi.SecurityContextHolderAwareRequestFilter@ca0a21f, org.springframework.security.web.authentication.AnonymousAuthenticationFilter@6d57b264, org.springframework.security.web.session.SessionManagementFilter@16fb9fdd, org.springframework.security.web.access.ExceptionTranslationFilter@16c9f7f0, org.springframework.security.web.access.intercept.FilterSecurityInterceptor@55300b93]
""2024-09-10 15:15:37,682 INFO  [main] org.springframework.boot.web.embedded.tomcat.TomcatWebServer:Tomcat started on port(s): 8080 (http) with context path ''
""2024-09-10 15:15:37,695 INFO  [main] com.dev02.TimeTrackingApp.TimeTrackingAppApplication:Started TimeTrackingAppApplication in 6.47 seconds (JVM running for 6.924)
""2024-09-10 15:15:44,334 INFO  [http-nio-8080-exec-1] org.apache.catalina.core.ContainerBase.[Tomcat].[localhost].[/]:Initializing Spring DispatcherServlet 'dispatcherServlet'
""2024-09-10 15:17:57,873 WARN  [http-nio-8080-exec-6] org.springframework.web.servlet.mvc.support.DefaultHandlerExceptionResolver:Resolved [org.springframework.web.method.annotation.MethodArgumentTypeMismatchException: Failed to convert value of type 'java.lang.String' to required type 'java.lang.Long'; nested exception is java.lang.NumberFormatException: For input string: "save"]
""2024-09-10 15:18:06,169 WARN  [http-nio-8080-exec-9] org.springframework.web.servlet.mvc.support.DefaultHandlerExceptionResolver:Resolved [org.springframework.web.method.annotation.MethodArgumentTypeMismatchException: Failed to convert value of type 'java.lang.String' to required type 'java.lang.Long'; nested exception is java.lang.NumberFormatException: For input string: "save"]
""2024-09-10 15:21:50,617 INFO  [SpringApplicationShutdownHook] org.springframework.orm.jpa.LocalContainerEntityManagerFactoryBean:Closing JPA EntityManagerFactory for persistence unit 'default'
""2024-09-10 15:21:50,621 INFO  [SpringApplicationShutdownHook] com.zaxxer.hikari.HikariDataSource:HikariPool-1 - Shutdown initiated...
""2024-09-10 15:21:50,627 INFO  [SpringApplicationShutdownHook] com.zaxxer.hikari.HikariDataSource:HikariPool-1 - Shutdown completed.
""2024-09-10 15:21:54,477 INFO  [main] com.dev02.TimeTrackingApp.TimeTrackingAppApplication:Starting TimeTrackingAppApplication using Java 17.0.11 on Emre-MacBook-Pro.local with PID 40469 (/Users/emresani/IdeaProjects/TimeTrackingApp/target/classes started by emresani in /Users/emresani/IdeaProjects/TimeTrackingApp)
""2024-09-10 15:21:54,482 INFO  [main] com.dev02.TimeTrackingApp.TimeTrackingAppApplication:No active profile set, falling back to 1 default profile: "default"
""2024-09-10 15:21:55,668 INFO  [main] org.springframework.data.repository.config.RepositoryConfigurationDelegate:Bootstrapping Spring Data JPA repositories in DEFAULT mode.
""2024-09-10 15:21:55,763 INFO  [main] org.springframework.data.repository.config.RepositoryConfigurationDelegate:Finished Spring Data repository scanning in 86 ms. Found 4 JPA repository interfaces.
""2024-09-10 15:21:56,496 INFO  [main] org.springframework.boot.web.embedded.tomcat.TomcatWebServer:Tomcat initialized with port(s): 8080 (http)
""2024-09-10 15:21:56,502 INFO  [main] org.apache.catalina.core.StandardService:Starting service [Tomcat]
""2024-09-10 15:21:56,502 INFO  [main] org.apache.catalina.core.StandardEngine:Starting Servlet engine: [Apache Tomcat/9.0.68]
""2024-09-10 15:21:56,620 INFO  [main] org.apache.catalina.core.ContainerBase.[Tomcat].[localhost].[/]:Initializing Spring embedded WebApplicationContext
""2024-09-10 15:21:56,620 INFO  [main] org.springframework.boot.web.servlet.context.ServletWebServerApplicationContext:Root WebApplicationContext: initialization completed in 2037 ms
""2024-09-10 15:21:56,825 INFO  [main] org.hibernate.jpa.internal.util.LogHelper:HHH000204: Processing PersistenceUnitInfo [name: default]
""2024-09-10 15:21:56,848 INFO  [main] org.hibernate.Version:HHH000412: Hibernate ORM core version 5.6.12.Final
""2024-09-10 15:21:56,921 INFO  [main] org.hibernate.annotations.common.Version:HCANN000001: Hibernate Commons Annotations {5.1.2.Final}
""2024-09-10 15:21:57,022 INFO  [main] com.zaxxer.hikari.HikariDataSource:HikariPool-1 - Starting...
""2024-09-10 15:21:57,173 INFO  [main] com.zaxxer.hikari.HikariDataSource:HikariPool-1 - Start completed.
""2024-09-10 15:21:57,184 INFO  [main] org.hibernate.dialect.Dialect:HHH000400: Using dialect: org.hibernate.dialect.PostgreSQL81Dialect
""2024-09-10 15:21:57,761 INFO  [main] org.hibernate.engine.transaction.jta.platform.internal.JtaPlatformInitiator:HHH000490: Using JtaPlatform implementation: [org.hibernate.engine.transaction.jta.platform.internal.NoJtaPlatform]
""2024-09-10 15:21:57,767 INFO  [main] org.springframework.orm.jpa.LocalContainerEntityManagerFactoryBean:Initialized JPA EntityManagerFactory for persistence unit 'default'
""2024-09-10 15:21:59,813 INFO  [main] org.springframework.security.web.DefaultSecurityFilterChain:Will secure any request with [org.springframework.security.web.session.DisableEncodeUrlFilter@ecb8b3e, org.springframework.security.web.context.request.async.WebAsyncManagerIntegrationFilter@7e764e5c, org.springframework.security.web.context.SecurityContextPersistenceFilter@3c5044fa, org.springframework.security.web.header.HeaderWriterFilter@2d5d001f, org.springframework.web.filter.CorsFilter@42457891, org.springframework.security.web.authentication.logout.LogoutFilter@2d41bb5a, com.dev02.TimeTrackingApp.security.jwt.AuthTokenFilter@4c9d833, org.springframework.security.web.savedrequest.RequestCacheAwareFilter@b386a17, org.springframework.security.web.servletapi.SecurityContextHolderAwareRequestFilter@1cda75be, org.springframework.security.web.authentication.AnonymousAuthenticationFilter@92de794, org.springframework.security.web.session.SessionManagementFilter@2ec23ec3, org.springframework.security.web.access.ExceptionTranslationFilter@7e28f150, org.springframework.security.web.access.intercept.FilterSecurityInterceptor@50841932]
""2024-09-10 15:22:00,240 INFO  [main] org.springframework.boot.web.embedded.tomcat.TomcatWebServer:Tomcat started on port(s): 8080 (http) with context path ''
""2024-09-10 15:22:00,255 INFO  [main] com.dev02.TimeTrackingApp.TimeTrackingAppApplication:Started TimeTrackingAppApplication in 6.35 seconds (JVM running for 6.829)
""2024-09-10 15:22:10,033 INFO  [SpringApplicationShutdownHook] org.springframework.orm.jpa.LocalContainerEntityManagerFactoryBean:Closing JPA EntityManagerFactory for persistence unit 'default'
""2024-09-10 15:22:10,036 INFO  [SpringApplicationShutdownHook] com.zaxxer.hikari.HikariDataSource:HikariPool-1 - Shutdown initiated...
""2024-09-10 15:22:10,040 INFO  [SpringApplicationShutdownHook] com.zaxxer.hikari.HikariDataSource:HikariPool-1 - Shutdown completed.
""2024-09-10 15:22:12,057 INFO  [main] com.dev02.TimeTrackingApp.TimeTrackingAppApplication:Starting TimeTrackingAppApplication using Java 17.0.11 on Emre-MacBook-Pro.local with PID 40493 (/Users/emresani/IdeaProjects/TimeTrackingApp/target/classes started by emresani in /Users/emresani/IdeaProjects/TimeTrackingApp)
""2024-09-10 15:22:12,064 INFO  [main] com.dev02.TimeTrackingApp.TimeTrackingAppApplication:No active profile set, falling back to 1 default profile: "default"
""2024-09-10 15:22:13,226 INFO  [main] org.springframework.data.repository.config.RepositoryConfigurationDelegate:Bootstrapping Spring Data JPA repositories in DEFAULT mode.
""2024-09-10 15:22:13,316 INFO  [main] org.springframework.data.repository.config.RepositoryConfigurationDelegate:Finished Spring Data repository scanning in 86 ms. Found 4 JPA repository interfaces.
""2024-09-10 15:22:14,020 INFO  [main] org.springframework.boot.web.embedded.tomcat.TomcatWebServer:Tomcat initialized with port(s): 8080 (http)
""2024-09-10 15:22:14,027 INFO  [main] org.apache.catalina.core.StandardService:Starting service [Tomcat]
""2024-09-10 15:22:14,027 INFO  [main] org.apache.catalina.core.StandardEngine:Starting Servlet engine: [Apache Tomcat/9.0.68]
""2024-09-10 15:22:14,145 INFO  [main] org.apache.catalina.core.ContainerBase.[Tomcat].[localhost].[/]:Initializing Spring embedded WebApplicationContext
""2024-09-10 15:22:14,145 INFO  [main] org.springframework.boot.web.servlet.context.ServletWebServerApplicationContext:Root WebApplicationContext: initialization completed in 1973 ms
""2024-09-10 15:22:14,347 INFO  [main] org.hibernate.jpa.internal.util.LogHelper:HHH000204: Processing PersistenceUnitInfo [name: default]
""2024-09-10 15:22:14,370 INFO  [main] org.hibernate.Version:HHH000412: Hibernate ORM core version 5.6.12.Final
""2024-09-10 15:22:14,435 INFO  [main] org.hibernate.annotations.common.Version:HCANN000001: Hibernate Commons Annotations {5.1.2.Final}
""2024-09-10 15:22:14,535 INFO  [main] com.zaxxer.hikari.HikariDataSource:HikariPool-1 - Starting...
""2024-09-10 15:22:14,680 INFO  [main] com.zaxxer.hikari.HikariDataSource:HikariPool-1 - Start completed.
""2024-09-10 15:22:14,689 INFO  [main] org.hibernate.dialect.Dialect:HHH000400: Using dialect: org.hibernate.dialect.PostgreSQL81Dialect
""2024-09-10 15:22:15,252 INFO  [main] org.hibernate.engine.transaction.jta.platform.internal.JtaPlatformInitiator:HHH000490: Using JtaPlatform implementation: [org.hibernate.engine.transaction.jta.platform.internal.NoJtaPlatform]
""2024-09-10 15:22:15,257 INFO  [main] org.springframework.orm.jpa.LocalContainerEntityManagerFactoryBean:Initialized JPA EntityManagerFactory for persistence unit 'default'
""2024-09-10 15:22:17,318 INFO  [main] org.springframework.security.web.DefaultSecurityFilterChain:Will secure any request with [org.springframework.security.web.session.DisableEncodeUrlFilter@6b6939e1, org.springframework.security.web.context.request.async.WebAsyncManagerIntegrationFilter@5d32f5db, org.springframework.security.web.context.SecurityContextPersistenceFilter@3713bedc, org.springframework.security.web.header.HeaderWriterFilter@6c2fea95, org.springframework.web.filter.CorsFilter@69c51fdb, org.springframework.security.web.authentication.logout.LogoutFilter@bd703bb, com.dev02.TimeTrackingApp.security.jwt.AuthTokenFilter@1d3546f9, org.springframework.security.web.savedrequest.RequestCacheAwareFilter@29d33f1, org.springframework.security.web.servletapi.SecurityContextHolderAwareRequestFilter@77e5c765, org.springframework.security.web.authentication.AnonymousAuthenticationFilter@4aadf144, org.springframework.security.web.session.SessionManagementFilter@b04a6a4, org.springframework.security.web.access.ExceptionTranslationFilter@619854a3, org.springframework.security.web.access.intercept.FilterSecurityInterceptor@614ae4eb]
""2024-09-10 15:22:17,702 INFO  [main] org.springframework.boot.web.embedded.tomcat.TomcatWebServer:Tomcat started on port(s): 8080 (http) with context path ''
""2024-09-10 15:22:17,726 INFO  [main] com.dev02.TimeTrackingApp.TimeTrackingAppApplication:Started TimeTrackingAppApplication in 6.265 seconds (JVM running for 6.798)
""2024-09-10 15:22:25,802 INFO  [http-nio-8080-exec-6] org.apache.catalina.core.ContainerBase.[Tomcat].[localhost].[/]:Initializing Spring DispatcherServlet 'dispatcherServlet'
""2024-09-10 15:28:10,785 INFO  [SpringApplicationShutdownHook] org.springframework.orm.jpa.LocalContainerEntityManagerFactoryBean:Closing JPA EntityManagerFactory for persistence unit 'default'
""2024-09-10 15:28:10,789 INFO  [SpringApplicationShutdownHook] com.zaxxer.hikari.HikariDataSource:HikariPool-1 - Shutdown initiated...
""2024-09-10 15:28:10,793 INFO  [SpringApplicationShutdownHook] com.zaxxer.hikari.HikariDataSource:HikariPool-1 - Shutdown completed.
"